<?xml version="1.0" encoding="UTF-8"?>
<testsuite xmlns:xsi="http://www.w3.org/2001/XMLSchema-instance" xsi:noNamespaceSchemaLocation="https://maven.apache.org/surefire/maven-surefire-plugin/xsd/surefire-test-report-3.0.xsd" version="3.0" name="org.example.testRunner.runners" time="122.719" tests="14" errors="0" skipped="0" failures="3">
  <properties>
[...]
</properties>
  <testcase name="runScenario" classname="org.example.testRunner.runners" time="13.247"/>
  <testcase name="runScenario" classname="org.example.testRunner.runners" time="7.559"/>
  <testcase name="runScenario" classname="org.example.testRunner.runners" time="7.619"/>
  <testcase name="runScenario" classname="org.example.testRunner.runners" time="6.61"/>
  <testcase name="runScenario" classname="org.example.testRunner.runners" time="6.755"/>
  <testcase name="runScenario" classname="org.example.testRunner.runners" time="6.727"/>
  <testcase name="runScenario" classname="org.example.testRunner.runners" time="6.323"/>
  <testcase name="runScenario" classname="org.example.testRunner.runners" time="7.158"/>
  <testcase name="runScenario" classname="org.example.testRunner.runners" time="16.005">
    <failure message="Expected condition failed: waiting for value to contain &quot;display: block;&quot;. (tried for 10 second(s) with 500 milliseconds interval)&#10;Build info: version: &apos;4.6.0&apos;, revision: &apos;79f1c02ae20&apos;&#10;System info: os.name: &apos;Windows 10&apos;, os.arch: &apos;amd64&apos;, os.version: &apos;10.0&apos;, java.version: &apos;19.0.1&apos;&#10;Driver info: org.openqa.selenium.chrome.ChromeDriver&#10;Capabilities {acceptInsecureCerts: false, browserName: chrome, browserVersion: 107.0.5304.107, chrome: {chromedriverVersion: 107.0.5304.62 (1eec40d3a576..., userDataDir: C:\Users\Dell\AppData\Local...}, goog:chromeOptions: {debuggerAddress: localhost:52978}, networkConnectionEnabled: false, pageLoadStrategy: normal, platformName: WINDOWS, proxy: Proxy(), se:cdp: ws://localhost:52978/devtoo..., se:cdpVersion: 107.0.5304.107, setWindowRect: true, strictFileInteractability: false, timeouts: {implicit: 0, pageLoad: 300000, script: 30000}, unhandledPromptBehavior: dismiss and notify, webauthn:extension:credBlob: true, webauthn:extension:largeBlob: true, webauthn:virtualAuthenticators: true}&#10;Session ID: 2a38e3657179024aaefb642f29843be8" type="org.openqa.selenium.TimeoutException"><![CDATA[org.openqa.selenium.TimeoutException: 
Expected condition failed: waiting for value to contain "display: block;". (tried for 10 second(s) with 500 milliseconds interval)
Build info: version: '4.6.0', revision: '79f1c02ae20'
System info: os.name: 'Windows 10', os.arch: 'amd64', os.version: '10.0', java.version: '19.0.1'
Driver info: org.openqa.selenium.chrome.ChromeDriver
Capabilities {acceptInsecureCerts: false, browserName: chrome, browserVersion: 107.0.5304.107, chrome: {chromedriverVersion: 107.0.5304.62 (1eec40d3a576..., userDataDir: C:\Users\Dell\AppData\Local...}, goog:chromeOptions: {debuggerAddress: localhost:52978}, networkConnectionEnabled: false, pageLoadStrategy: normal, platformName: WINDOWS, proxy: Proxy(), se:cdp: ws://localhost:52978/devtoo..., se:cdpVersion: 107.0.5304.107, setWindowRect: true, strictFileInteractability: false, timeouts: {implicit: 0, pageLoad: 300000, script: 30000}, unhandledPromptBehavior: dismiss and notify, webauthn:extension:credBlob: true, webauthn:extension:largeBlob: true, webauthn:virtualAuthenticators: true}
Session ID: 2a38e3657179024aaefb642f29843be8
]]></failure>
    <system-out><![CDATA[
@smoke
Scenario: user could open first slider          &amp#27;[90m# src/main/resources/features/F06_homeSliders.feature:5&amp#27;[0m
  &amp#27;[31mWhen &amp#27;[0m&amp#27;[31muser click on first slider&amp#27;[0m               &amp#27;[90m# org.example.stepDef.D06_homeSlidersStepDef.userClickOnFirstSlider()&amp#27;[0m
      &amp#27;[31morg.openqa.selenium.TimeoutException: Expected condition failed: waiting for value to contain "display: block;". (tried for 10 second(s) with 500 milliseconds interval)
Build info: version: '4.6.0', revision: '79f1c02ae20'
System info: os.name: 'Windows 10', os.arch: 'amd64', os.version: '10.0', java.version: '19.0.1'
Driver info: org.openqa.selenium.chrome.ChromeDriver
Capabilities {acceptInsecureCerts: false, browserName: chrome, browserVersion: 107.0.5304.107, chrome: {chromedriverVersion: 107.0.5304.62 (1eec40d3a576..., userDataDir: C:\Users\Dell\AppData\Local...}, goog:chromeOptions: {debuggerAddress: localhost:52978}, networkConnectionEnabled: false, pageLoadStrategy: normal, platformName: WINDOWS, proxy: Proxy(), se:cdp: ws://localhost:52978/devtoo..., se:cdpVersion: 107.0.5304.107, setWindowRect: true, strictFileInteractability: false, timeouts: {implicit: 0, pageLoad: 300000, script: 30000}, unhandledPromptBehavior: dismiss and notify, webauthn:extension:credBlob: true, webauthn:extension:largeBlob: true, webauthn:virtualAuthenticators: true}
Session ID: 2a38e3657179024aaefb642f29843be8
	at org.openqa.selenium.support.ui.WebDriverWait.timeoutException(WebDriverWait.java:87)
	at org.openqa.selenium.support.ui.FluentWait.until(FluentWait.java:231)
	at org.example.stepDef.D06_homeSlidersStepDef.userClickOnFirstSlider(D06_homeSlidersStepDef.java:22)
	at ✽.user click on first slider(file:///C:/Users/Dell/IdeaProjects/e_commerceDemo/src/main/resources/features/F06_homeSliders.feature:6)
&amp#27;[0m
  &amp#27;[36mThen &amp#27;[0m&amp#27;[36mprdouct details page for Nokia is opened&amp#27;[0m &amp#27;[90m# org.example.stepDef.D06_homeSlidersStepDef.prdouctDetailsPageForNokiaIsOpened()&amp#27;[0m
]]></system-out>
    <system-err><![CDATA[Starting ChromeDriver 107.0.5304.62 (1eec40d3a5764881c92085aaee66d25075c159aa-refs/branch-heads/5304@{#942}) on port 23656
Only local connections are allowed.
Please see https://chromedriver.chromium.org/security-considerations for suggestions on keeping ChromeDriver safe.
ChromeDriver was started successfully.
]]></system-err>
  </testcase>
  <testcase name="runScenario" classname="org.example.testRunner.runners" time="5.871">
    <failure message="The step &apos;user click on second slider&apos; and 1 other step(s) are undefined.&#10;You can implement these steps using the snippet(s) below:&#10;&#10;@When(&quot;user click on second slider&quot;)&#10;public void user_click_on_second_slider() {&#10;    // Write code here that turns the phrase above into concrete actions&#10;    throw new io.cucumber.java.PendingException();&#10;}&#10;@Then(&quot;prdouct details page for iphone is opened&quot;)&#10;public void prdouct_details_page_for_iphone_is_opened() {&#10;    // Write code here that turns the phrase above into concrete actions&#10;    throw new io.cucumber.java.PendingException();&#10;}&#10;" type="io.cucumber.testng.UndefinedStepException"><![CDATA[io.cucumber.testng.UndefinedStepException: 
The step 'user click on second slider' and 1 other step(s) are undefined.
You can implement these steps using the snippet(s) below:

@When("user click on second slider")
public void user_click_on_second_slider() {
    // Write code here that turns the phrase above into concrete actions
    throw new io.cucumber.java.PendingException();
}
@Then("prdouct details page for iphone is opened")
public void prdouct_details_page_for_iphone_is_opened() {
    // Write code here that turns the phrase above into concrete actions
    throw new io.cucumber.java.PendingException();
}

]]></failure>
    <system-out><![CDATA[
@smoke
Scenario: user could open first slider           &amp#27;[90m# src/main/resources/features/F06_homeSliders.feature:10&amp#27;[0m
  &amp#27;[33mWhen &amp#27;[0m&amp#27;[33muser click on second slider&amp#27;[0m
  &amp#27;[36mThen &amp#27;[0m&amp#27;[36mprdouct details page for iphone is opened&amp#27;[0m
]]></system-out>
    <system-err><![CDATA[Starting ChromeDriver 107.0.5304.62 (1eec40d3a5764881c92085aaee66d25075c159aa-refs/branch-heads/5304@{#942}) on port 22836
Only local connections are allowed.
Please see https://chromedriver.chromium.org/security-considerations for suggestions on keeping ChromeDriver safe.
ChromeDriver was started successfully.
]]></system-err>
  </testcase>
  <testcase name="runScenario" classname="org.example.testRunner.runners" time="7.866"/>
  <testcase name="runScenario" classname="org.example.testRunner.runners" time="7.937"/>
  <testcase name="runScenario" classname="org.example.testRunner.runners" time="12.008">
    <failure message="Expected condition failed: waiting for number of open windows to be 2 (tried for 5 second(s) with 500 milliseconds interval)&#10;Build info: version: &apos;4.6.0&apos;, revision: &apos;79f1c02ae20&apos;&#10;System info: os.name: &apos;Windows 10&apos;, os.arch: &apos;amd64&apos;, os.version: &apos;10.0&apos;, java.version: &apos;19.0.1&apos;&#10;Driver info: org.openqa.selenium.chrome.ChromeDriver&#10;Capabilities {acceptInsecureCerts: false, browserName: chrome, browserVersion: 107.0.5304.107, chrome: {chromedriverVersion: 107.0.5304.62 (1eec40d3a576..., userDataDir: C:\Users\Dell\AppData\Local...}, goog:chromeOptions: {debuggerAddress: localhost:53094}, networkConnectionEnabled: false, pageLoadStrategy: normal, platformName: WINDOWS, proxy: Proxy(), se:cdp: ws://localhost:53094/devtoo..., se:cdpVersion: 107.0.5304.107, setWindowRect: true, strictFileInteractability: false, timeouts: {implicit: 0, pageLoad: 300000, script: 30000}, unhandledPromptBehavior: dismiss and notify, webauthn:extension:credBlob: true, webauthn:extension:largeBlob: true, webauthn:virtualAuthenticators: true}&#10;Session ID: 85d6e5075329df3219df2ea182ab0a74" type="org.openqa.selenium.TimeoutException"><![CDATA[org.openqa.selenium.TimeoutException: 
Expected condition failed: waiting for number of open windows to be 2 (tried for 5 second(s) with 500 milliseconds interval)
Build info: version: '4.6.0', revision: '79f1c02ae20'
System info: os.name: 'Windows 10', os.arch: 'amd64', os.version: '10.0', java.version: '19.0.1'
Driver info: org.openqa.selenium.chrome.ChromeDriver
Capabilities {acceptInsecureCerts: false, browserName: chrome, browserVersion: 107.0.5304.107, chrome: {chromedriverVersion: 107.0.5304.62 (1eec40d3a576..., userDataDir: C:\Users\Dell\AppData\Local...}, goog:chromeOptions: {debuggerAddress: localhost:53094}, networkConnectionEnabled: false, pageLoadStrategy: normal, platformName: WINDOWS, proxy: Proxy(), se:cdp: ws://localhost:53094/devtoo..., se:cdpVersion: 107.0.5304.107, setWindowRect: true, strictFileInteractability: false, timeouts: {implicit: 0, pageLoad: 300000, script: 30000}, unhandledPromptBehavior: dismiss and notify, webauthn:extension:credBlob: true, webauthn:extension:largeBlob: true, webauthn:virtualAuthenticators: true}
Session ID: 85d6e5075329df3219df2ea182ab0a74
]]></failure>
    <system-out><![CDATA[
@smoke
Scenario: user opens rss link                                              &amp#27;[90m# src/main/resources/features/F07_followUs.feature:11&amp#27;[0m
  &amp#27;[31mWhen &amp#27;[0m&amp#27;[31muser opens rss link&amp#27;[0m                                                 &amp#27;[90m# org.example.stepDef.D07_followUsStepDef.userOpensRssLink()&amp#27;[0m
      &amp#27;[31morg.openqa.selenium.TimeoutException: Expected condition failed: waiting for number of open windows to be 2 (tried for 5 second(s) with 500 milliseconds interval)
Build info: version: '4.6.0', revision: '79f1c02ae20'
System info: os.name: 'Windows 10', os.arch: 'amd64', os.version: '10.0', java.version: '19.0.1'
Driver info: org.openqa.selenium.chrome.ChromeDriver
Capabilities {acceptInsecureCerts: false, browserName: chrome, browserVersion: 107.0.5304.107, chrome: {chromedriverVersion: 107.0.5304.62 (1eec40d3a576..., userDataDir: C:\Users\Dell\AppData\Local...}, goog:chromeOptions: {debuggerAddress: localhost:53094}, networkConnectionEnabled: false, pageLoadStrategy: normal, platformName: WINDOWS, proxy: Proxy(), se:cdp: ws://localhost:53094/devtoo..., se:cdpVersion: 107.0.5304.107, setWindowRect: true, strictFileInteractability: false, timeouts: {implicit: 0, pageLoad: 300000, script: 30000}, unhandledPromptBehavior: dismiss and notify, webauthn:extension:credBlob: true, webauthn:extension:largeBlob: true, webauthn:virtualAuthenticators: true}
Session ID: 85d6e5075329df3219df2ea182ab0a74
	at org.openqa.selenium.support.ui.WebDriverWait.timeoutException(WebDriverWait.java:87)
	at org.openqa.selenium.support.ui.FluentWait.until(FluentWait.java:231)
	at org.example.stepDef.D07_followUsStepDef.userOpensRssLink(D07_followUsStepDef.java:41)
	at ✽.user opens rss link(file:///C:/Users/Dell/IdeaProjects/e_commerceDemo/src/main/resources/features/F07_followUs.feature:12)
&amp#27;[0m
  &amp#27;[36mThen &amp#27;[0m&amp#27;[36mlink is opened in new tab &amp#27;[0m&amp#27;[36m&amp#27;[1m"https://demo.nopcommerce.com/news/rss/1"&amp#27;[0m &amp#27;[90m# org.example.stepDef.D07_followUsStepDef.linkIsOpenedInNewTab(java.lang.String)&amp#27;[0m
]]></system-out>
    <system-err><![CDATA[Starting ChromeDriver 107.0.5304.62 (1eec40d3a5764881c92085aaee66d25075c159aa-refs/branch-heads/5304@{#942}) on port 35766
Only local connections are allowed.
Please see https://chromedriver.chromium.org/security-considerations for suggestions on keeping ChromeDriver safe.
ChromeDriver was started successfully.
]]></system-err>
  </testcase>
  <testcase name="runScenario" classname="org.example.testRunner.runners" time="9.711"/>
</testsuite>